\BOOKMARK [0][-]{chapter.1}{\376\377\000T\000r\000i\000n\000a\000m\000i\000c\000\040\000M\000o\000t\000i\000o\000n\000\040\000C\000o\000n\000t\000r\000o\000l\000\040\000L\000a\000n\000g\000u\000a\000g\000e\000\040\000l\000i\000b\000r\000a\000r\000y}{}
\BOOKMARK [1][-]{section.1.1}{\376\377\000N\000O\000T\000E}{chapter.1}
\BOOKMARK [1][-]{section.1.2}{\376\377\000I\000n\000t\000r\000o\000d\000u\000c\000t\000i\000o\000n}{chapter.1}
\BOOKMARK [1][-]{section.1.3}{\376\377\000I\000n\000s\000t\000a\000l\000l\000a\000t\000i\000o\000n}{chapter.1}
\BOOKMARK [1][-]{section.1.4}{\376\377\000`\000\250\000L\000e\000t\000\040\000t\000h\000e\000\040\000g\000a\000m\000e\000s\000\040\000b\000e\000g\000i\000n\000\241\000\250}{chapter.1}
\BOOKMARK [2][-]{subsection.1.4.1}{\376\377\000F\000i\000r\000s\000t\000\040\000s\000t\000e\000p\000s}{section.1.4}
\BOOKMARK [1][-]{section.1.5}{\376\377\000`\000\250\000A\000d\000v\000a\000n\000c\000e\000d\000`\000\250\000\040\000u\000s\000a\000g\000e}{chapter.1}
\BOOKMARK [2][-]{subsection.1.5.1}{\376\377\000S\000e\000n\000d\000\040\000c\000o\000m\000m\000a\000n\000d\000s}{section.1.5}
\BOOKMARK [2][-]{subsection.1.5.2}{\376\377\000A\000x\000i\000s\000\040\000p\000a\000r\000a\000m\000e\000t\000e\000r}{section.1.5}
\BOOKMARK [0][-]{chapter.2}{\376\377\000T\000o\000d\000o\000\040\000L\000i\000s\000t}{}
\BOOKMARK [0][-]{chapter.3}{\376\377\000M\000o\000d\000u\000l\000e\000\040\000I\000n\000d\000e\000x}{}
\BOOKMARK [1][-]{section.3.1}{\376\377\000M\000o\000d\000u\000l\000e\000s}{chapter.3}
\BOOKMARK [0][-]{chapter.4}{\376\377\000D\000a\000t\000a\000\040\000S\000t\000r\000u\000c\000t\000u\000r\000e\000\040\000I\000n\000d\000e\000x}{}
\BOOKMARK [1][-]{section.4.1}{\376\377\000D\000a\000t\000a\000\040\000S\000t\000r\000u\000c\000t\000u\000r\000e\000s}{chapter.4}
\BOOKMARK [0][-]{chapter.5}{\376\377\000F\000i\000l\000e\000\040\000I\000n\000d\000e\000x}{}
\BOOKMARK [1][-]{section.5.1}{\376\377\000F\000i\000l\000e\000\040\000L\000i\000s\000t}{chapter.5}
\BOOKMARK [0][-]{chapter.6}{\376\377\000M\000o\000d\000u\000l\000e\000\040\000D\000o\000c\000u\000m\000e\000n\000t\000a\000t\000i\000o\000n}{}
\BOOKMARK [1][-]{section.6.1}{\376\377\000M\000i\000s\000c\000\040\000d\000e\000f\000i\000n\000e\000s}{chapter.6}
\BOOKMARK [2][-]{subsection.6.1.1}{\376\377\000D\000e\000f\000i\000n\000e\000\040\000D\000o\000c\000u\000m\000e\000n\000t\000a\000t\000i\000o\000n}{section.6.1}
\BOOKMARK [3][-]{subsubsection.6.1.1.1}{\376\377\000T\000M\000C\000L\000\137\000D\000G\000R\000A\000M\000\137\000S\000I\000Z\000E\000\137\000C\000A\000N}{subsection.6.1.1}
\BOOKMARK [3][-]{subsubsection.6.1.1.2}{\376\377\000T\000M\000C\000L\000\137\000D\000G\000R\000A\000M\000\137\000S\000I\000Z\000E\000\137\000I\000I\000C}{subsection.6.1.1}
\BOOKMARK [3][-]{subsubsection.6.1.1.3}{\376\377\000T\000M\000C\000L\000\137\000D\000G\000R\000A\000M\000\137\000S\000I\000Z\000E\000\137\000R\000S\000X\000X\000X}{subsection.6.1.1}
\BOOKMARK [3][-]{subsubsection.6.1.1.4}{\376\377\000T\000M\000C\000L\000\137\000M\000A\000X\000\137\000D\000G\000R\000A\000M\000\137\000S\000I\000Z\000E}{subsection.6.1.1}
\BOOKMARK [3][-]{subsubsection.6.1.1.5}{\376\377\000T\000M\000C\000L\000\137\000V\000E\000R\000S\000I\000O\000N}{subsection.6.1.1}
\BOOKMARK [1][-]{section.6.2}{\376\377\000S\000t\000a\000t\000u\000s\000\040\000C\000o\000d\000e\000s\000.}{chapter.6}
\BOOKMARK [2][-]{subsection.6.2.1}{\376\377\000D\000e\000t\000a\000i\000l\000e\000d\000\040\000D\000e\000s\000c\000r\000i\000p\000t\000i\000o\000n}{section.6.2}
\BOOKMARK [2][-]{subsection.6.2.2}{\376\377\000D\000e\000f\000i\000n\000e\000\040\000D\000o\000c\000u\000m\000e\000n\000t\000a\000t\000i\000o\000n}{section.6.2}
\BOOKMARK [3][-]{subsubsection.6.2.2.1}{\376\377\000T\000M\000C\000L\000\137\000S\000T\000A\000T\000U\000S\000\137\000C\000O\000M\000M\000A\000N\000D\000\137\000N\000A}{subsection.6.2.2}
\BOOKMARK [3][-]{subsubsection.6.2.2.2}{\376\377\000T\000M\000C\000L\000\137\000S\000T\000A\000T\000U\000S\000\137\000E\000E\000P\000R\000O\000M\000\137\000L\000O\000C\000K\000E\000D}{subsection.6.2.2}
\BOOKMARK [3][-]{subsubsection.6.2.2.3}{\376\377\000T\000M\000C\000L\000\137\000S\000T\000A\000T\000U\000S\000\137\000I\000N\000V\000A\000L\000I\000D\000\137\000C\000O\000M\000M\000A\000N\000D}{subsection.6.2.2}
\BOOKMARK [3][-]{subsubsection.6.2.2.4}{\376\377\000T\000M\000C\000L\000\137\000S\000T\000A\000T\000U\000S\000\137\000I\000N\000V\000A\000L\000I\000D\000\137\000V\000A\000L\000U\000E}{subsection.6.2.2}
\BOOKMARK [3][-]{subsubsection.6.2.2.5}{\376\377\000T\000M\000C\000L\000\137\000S\000T\000A\000T\000U\000S\000\137\000L\000O\000A\000D\000E\000D\000\137\000E\000E\000P\000R\000O\000M}{subsection.6.2.2}
\BOOKMARK [3][-]{subsubsection.6.2.2.6}{\376\377\000T\000M\000C\000L\000\137\000S\000T\000A\000T\000U\000S\000\137\000S\000U\000C\000C\000E\000S\000S}{subsection.6.2.2}
\BOOKMARK [3][-]{subsubsection.6.2.2.7}{\376\377\000T\000M\000C\000L\000\137\000S\000T\000A\000T\000U\000S\000\137\000W\000R\000O\000N\000G\000\137\000C\000H\000E\000C\000K\000S\000U\000M}{subsection.6.2.2}
\BOOKMARK [3][-]{subsubsection.6.2.2.8}{\376\377\000T\000M\000C\000L\000\137\000S\000T\000A\000T\000U\000S\000\137\000W\000R\000O\000N\000G\000\137\000T\000Y\000P\000E}{subsection.6.2.2}
\BOOKMARK [1][-]{section.6.3}{\376\377\000T\000M\000C\000L\000\040\000c\000o\000m\000m\000a\000n\000d\000s\000.}{chapter.6}
\BOOKMARK [2][-]{subsection.6.3.1}{\376\377\000D\000e\000f\000i\000n\000e\000\040\000D\000o\000c\000u\000m\000e\000n\000t\000a\000t\000i\000o\000n}{section.6.3}
\BOOKMARK [3][-]{subsubsection.6.3.1.1}{\376\377\000T\000M\000C\000L\000\137\000A\000A\000P}{subsection.6.3.1}
\BOOKMARK [3][-]{subsubsection.6.3.1.2}{\376\377\000T\000M\000C\000L\000\137\000A\000G\000P}{subsection.6.3.1}
\BOOKMARK [3][-]{subsubsection.6.3.1.3}{\376\377\000T\000M\000C\000L\000\137\000C\000A\000L\000C}{subsection.6.3.1}
\BOOKMARK [3][-]{subsubsection.6.3.1.4}{\376\377\000T\000M\000C\000L\000\137\000C\000A\000L\000C\000X}{subsection.6.3.1}
\BOOKMARK [3][-]{subsubsection.6.3.1.5}{\376\377\000T\000M\000C\000L\000\137\000C\000C\000O}{subsection.6.3.1}
\BOOKMARK [3][-]{subsubsection.6.3.1.6}{\376\377\000T\000M\000C\000L\000\137\000C\000L\000E}{subsection.6.3.1}
\BOOKMARK [3][-]{subsubsection.6.3.1.7}{\376\377\000T\000M\000C\000L\000\137\000C\000O\000M\000P}{subsection.6.3.1}
\BOOKMARK [3][-]{subsubsection.6.3.1.8}{\376\377\000T\000M\000C\000L\000\137\000C\000S\000U\000B}{subsection.6.3.1}
\BOOKMARK [3][-]{subsubsection.6.3.1.9}{\376\377\000T\000M\000C\000L\000\137\000G\000C\000O}{subsection.6.3.1}
\BOOKMARK [3][-]{subsubsection.6.3.1.10}{\376\377\000T\000M\000C\000L\000\137\000G\000I\000O}{subsection.6.3.1}
\BOOKMARK [3][-]{subsubsection.6.3.1.11}{\376\377\000T\000M\000C\000L\000\137\000J\000A}{subsection.6.3.1}
\BOOKMARK [3][-]{subsubsection.6.3.1.12}{\376\377\000T\000M\000C\000L\000\137\000J\000C}{subsection.6.3.1}
\BOOKMARK [3][-]{subsubsection.6.3.1.13}{\376\377\000T\000M\000C\000L\000\137\000M\000V\000P\000\137\000A\000B\000S}{subsection.6.3.1}
\BOOKMARK [3][-]{subsubsection.6.3.1.14}{\376\377\000T\000M\000C\000L\000\137\000M\000V\000P\000\137\000C\000O\000O\000R\000D}{subsection.6.3.1}
\BOOKMARK [3][-]{subsubsection.6.3.1.15}{\376\377\000T\000M\000C\000L\000\137\000M\000V\000P\000\137\000R\000E\000L}{subsection.6.3.1}
\BOOKMARK [3][-]{subsubsection.6.3.1.16}{\376\377\000T\000M\000C\000L\000\137\000R\000F\000S\000\137\000S\000T\000A\000R\000T}{subsection.6.3.1}
\BOOKMARK [3][-]{subsubsection.6.3.1.17}{\376\377\000T\000M\000C\000L\000\137\000R\000F\000S\000\137\000S\000T\000A\000T\000U\000S}{subsection.6.3.1}
\BOOKMARK [3][-]{subsubsection.6.3.1.18}{\376\377\000T\000M\000C\000L\000\137\000R\000F\000S\000\137\000S\000T\000O\000P}{subsection.6.3.1}
\BOOKMARK [3][-]{subsubsection.6.3.1.19}{\376\377\000T\000M\000C\000L\000\137\000R\000S\000U\000B}{subsection.6.3.1}
\BOOKMARK [3][-]{subsubsection.6.3.1.20}{\376\377\000T\000M\000C\000L\000\137\000S\000A\000C}{subsection.6.3.1}
\BOOKMARK [3][-]{subsubsection.6.3.1.21}{\376\377\000T\000M\000C\000L\000\137\000S\000C\000O}{subsection.6.3.1}
\BOOKMARK [3][-]{subsubsection.6.3.1.22}{\376\377\000T\000M\000C\000L\000\137\000S\000I\000O}{subsection.6.3.1}
\BOOKMARK [3][-]{subsubsection.6.3.1.23}{\376\377\000T\000M\000C\000L\000\137\000S\000T\000O\000P}{subsection.6.3.1}
\BOOKMARK [3][-]{subsubsection.6.3.1.24}{\376\377\000T\000M\000C\000L\000\137\000U\000F\0000}{subsection.6.3.1}
\BOOKMARK [3][-]{subsubsection.6.3.1.25}{\376\377\000T\000M\000C\000L\000\137\000U\000F\0001}{subsection.6.3.1}
\BOOKMARK [3][-]{subsubsection.6.3.1.26}{\376\377\000T\000M\000C\000L\000\137\000U\000F\0002}{subsection.6.3.1}
\BOOKMARK [3][-]{subsubsection.6.3.1.27}{\376\377\000T\000M\000C\000L\000\137\000U\000F\0003}{subsection.6.3.1}
\BOOKMARK [3][-]{subsubsection.6.3.1.28}{\376\377\000T\000M\000C\000L\000\137\000U\000F\0004}{subsection.6.3.1}
\BOOKMARK [3][-]{subsubsection.6.3.1.29}{\376\377\000T\000M\000C\000L\000\137\000U\000F\0005}{subsection.6.3.1}
\BOOKMARK [3][-]{subsubsection.6.3.1.30}{\376\377\000T\000M\000C\000L\000\137\000U\000F\0006}{subsection.6.3.1}
\BOOKMARK [3][-]{subsubsection.6.3.1.31}{\376\377\000T\000M\000C\000L\000\137\000U\000F\0007}{subsection.6.3.1}
\BOOKMARK [3][-]{subsubsection.6.3.1.32}{\376\377\000T\000M\000C\000L\000\137\000W\000A\000I\000T}{subsection.6.3.1}
\BOOKMARK [1][-]{section.6.4}{\376\377\000M\000o\000t\000i\000o\000n\000\040\000c\000o\000m\000m\000a\000n\000d\000s\000.}{chapter.6}
\BOOKMARK [2][-]{subsection.6.4.1}{\376\377\000D\000e\000t\000a\000i\000l\000e\000d\000\040\000D\000e\000s\000c\000r\000i\000p\000t\000i\000o\000n}{section.6.4}
\BOOKMARK [2][-]{subsection.6.4.2}{\376\377\000D\000e\000f\000i\000n\000e\000\040\000D\000o\000c\000u\000m\000e\000n\000t\000a\000t\000i\000o\000n}{section.6.4}
\BOOKMARK [3][-]{subsubsection.6.4.2.1}{\376\377\000T\000M\000C\000L\000\137\000M\000S\000T}{subsection.6.4.2}
\BOOKMARK [3][-]{subsubsection.6.4.2.2}{\376\377\000T\000M\000C\000L\000\137\000M\000V\000P}{subsection.6.4.2}
\BOOKMARK [3][-]{subsubsection.6.4.2.3}{\376\377\000T\000M\000C\000L\000\137\000R\000F\000S}{subsection.6.4.2}
\BOOKMARK [3][-]{subsubsection.6.4.2.4}{\376\377\000T\000M\000C\000L\000\137\000R\000O\000L}{subsection.6.4.2}
\BOOKMARK [3][-]{subsubsection.6.4.2.5}{\376\377\000T\000M\000C\000L\000\137\000R\000O\000R}{subsection.6.4.2}
\BOOKMARK [1][-]{section.6.5}{\376\377\000P\000a\000r\000a\000m\000e\000t\000e\000r\000\040\000c\000o\000m\000m\000a\000n\000d\000s\000.}{chapter.6}
\BOOKMARK [2][-]{subsection.6.5.1}{\376\377\000D\000e\000t\000a\000i\000l\000e\000d\000\040\000D\000e\000s\000c\000r\000i\000p\000t\000i\000o\000n}{section.6.5}
\BOOKMARK [2][-]{subsection.6.5.2}{\376\377\000D\000e\000f\000i\000n\000e\000\040\000D\000o\000c\000u\000m\000e\000n\000t\000a\000t\000i\000o\000n}{section.6.5}
\BOOKMARK [3][-]{subsubsection.6.5.2.1}{\376\377\000T\000M\000C\000L\000\137\000G\000A\000P}{subsection.6.5.2}
\BOOKMARK [3][-]{subsubsection.6.5.2.2}{\376\377\000T\000M\000C\000L\000\137\000G\000G\000P}{subsection.6.5.2}
\BOOKMARK [3][-]{subsubsection.6.5.2.3}{\376\377\000T\000M\000C\000L\000\137\000R\000S\000A\000P}{subsection.6.5.2}
\BOOKMARK [3][-]{subsubsection.6.5.2.4}{\376\377\000T\000M\000C\000L\000\137\000R\000S\000G\000P}{subsection.6.5.2}
\BOOKMARK [3][-]{subsubsection.6.5.2.5}{\376\377\000T\000M\000C\000L\000\137\000S\000A\000P}{subsection.6.5.2}
\BOOKMARK [3][-]{subsubsection.6.5.2.6}{\376\377\000T\000M\000C\000L\000\137\000S\000G\000P}{subsection.6.5.2}
\BOOKMARK [3][-]{subsubsection.6.5.2.7}{\376\377\000T\000M\000C\000L\000\137\000S\000T\000A\000P}{subsection.6.5.2}
\BOOKMARK [3][-]{subsubsection.6.5.2.8}{\376\377\000T\000M\000C\000L\000\137\000S\000T\000G\000P}{subsection.6.5.2}
\BOOKMARK [1][-]{section.6.6}{\376\377\000T\000M\000C\000L\000\040\000C\000o\000n\000t\000r\000o\000l\000\040\000F\000u\000n\000c\000t\000i\000o\000n\000s}{chapter.6}
\BOOKMARK [2][-]{subsection.6.6.1}{\376\377\000D\000e\000t\000a\000i\000l\000e\000d\000\040\000D\000e\000s\000c\000r\000i\000p\000t\000i\000o\000n}{section.6.6}
\BOOKMARK [2][-]{subsection.6.6.2}{\376\377\000D\000e\000f\000i\000n\000e\000\040\000D\000o\000c\000u\000m\000e\000n\000t\000a\000t\000i\000o\000n}{section.6.6}
\BOOKMARK [3][-]{subsubsection.6.6.2.1}{\376\377\000T\000M\000C\000L\000\137\000C\000T\000L\000\137\000A\000S\000C\000I\000I}{subsection.6.6.2}
\BOOKMARK [3][-]{subsubsection.6.6.2.2}{\376\377\000T\000M\000C\000L\000\137\000C\000T\000L\000\137\000D\000L\000M\000\137\000Q\000U\000I\000T}{subsection.6.6.2}
\BOOKMARK [3][-]{subsubsection.6.6.2.3}{\376\377\000T\000M\000C\000L\000\137\000C\000T\000L\000\137\000D\000L\000M\000\137\000S\000T\000A\000R\000T}{subsection.6.6.2}
\BOOKMARK [3][-]{subsubsection.6.6.2.4}{\376\377\000T\000M\000C\000L\000\137\000C\000T\000L\000\137\000F\000A\000C\000T\000O\000R\000Y}{subsection.6.6.2}
\BOOKMARK [3][-]{subsubsection.6.6.2.5}{\376\377\000T\000M\000C\000L\000\137\000C\000T\000L\000\137\000F\000W\000\137\000V\000E\000R}{subsection.6.6.2}
\BOOKMARK [3][-]{subsubsection.6.6.2.6}{\376\377\000T\000M\000C\000L\000\137\000C\000T\000L\000\137\000R\000E\000A\000D\000M\000E\000M}{subsection.6.6.2}
\BOOKMARK [3][-]{subsubsection.6.6.2.7}{\376\377\000T\000M\000C\000L\000\137\000C\000T\000L\000\137\000R\000S\000T}{subsection.6.6.2}
\BOOKMARK [3][-]{subsubsection.6.6.2.8}{\376\377\000T\000M\000C\000L\000\137\000C\000T\000L\000\137\000R\000U\000N}{subsection.6.6.2}
\BOOKMARK [3][-]{subsubsection.6.6.2.9}{\376\377\000T\000M\000C\000L\000\137\000C\000T\000L\000\137\000S\000T\000A\000T\000U\000S}{subsection.6.6.2}
\BOOKMARK [3][-]{subsubsection.6.6.2.10}{\376\377\000T\000M\000C\000L\000\137\000C\000T\000L\000\137\000S\000T\000E\000P}{subsection.6.6.2}
\BOOKMARK [3][-]{subsubsection.6.6.2.11}{\376\377\000T\000M\000C\000L\000\137\000C\000T\000L\000\137\000S\000T\000O\000P}{subsection.6.6.2}
\BOOKMARK [1][-]{section.6.7}{\376\377\000T\000M\000C\000L\000\040\000o\000p\000e\000r\000a\000t\000i\000o\000n\000\040\000t\000y\000p\000e\000\040\000c\000o\000d\000e\000s\000.}{chapter.6}
\BOOKMARK [1][-]{section.6.8}{\376\377\000A\000x\000i\000s\000\040\000P\000a\000r\000a\000m\000e\000t\000e\000r\000s}{chapter.6}
\BOOKMARK [2][-]{subsection.6.8.1}{\376\377\000D\000e\000t\000a\000i\000l\000e\000d\000\040\000D\000e\000s\000c\000r\000i\000p\000t\000i\000o\000n}{section.6.8}
\BOOKMARK [1][-]{section.6.9}{\376\377\000R\000e\000a\000d\000-\000W\000r\000i\000t\000e\000\040\000P\000a\000r\000a\000m\000e\000t\000e\000r\000s}{chapter.6}
\BOOKMARK [2][-]{subsection.6.9.1}{\376\377\000D\000e\000t\000a\000i\000l\000e\000d\000\040\000D\000e\000s\000c\000r\000i\000p\000t\000i\000o\000n}{section.6.9}
\BOOKMARK [2][-]{subsection.6.9.2}{\376\377\000D\000e\000f\000i\000n\000e\000\040\000D\000o\000c\000u\000m\000e\000n\000t\000a\000t\000i\000o\000n}{section.6.9}
\BOOKMARK [3][-]{subsubsection.6.9.2.1}{\376\377\000T\000M\000C\000L\000\137\000A\000P\000\137\000A\000B\000S\000\137\000C\000U\000R\000R\000E\000N\000T}{subsection.6.9.2}
\BOOKMARK [3][-]{subsubsection.6.9.2.2}{\376\377\000T\000M\000C\000L\000\137\000A\000P\000\137\000C\000U\000R\000R\000\137\000P\000O\000S}{subsection.6.9.2}
\BOOKMARK [3][-]{subsubsection.6.9.2.3}{\376\377\000T\000M\000C\000L\000\137\000A\000P\000\137\000D\000I\000S\000A\000B\000L\000E\000\137\000L\000I\000M\000I\000T\000\137\000L}{subsection.6.9.2}
\BOOKMARK [3][-]{subsubsection.6.9.2.4}{\376\377\000T\000M\000C\000L\000\137\000A\000P\000\137\000D\000I\000S\000A\000B\000L\000E\000\137\000L\000I\000M\000I\000T\000\137\000R}{subsection.6.9.2}
\BOOKMARK [3][-]{subsubsection.6.9.2.5}{\376\377\000T\000M\000C\000L\000\137\000A\000P\000\137\000M\000A\000X\000\137\000A\000C\000C\000E\000L}{subsection.6.9.2}
\BOOKMARK [3][-]{subsubsection.6.9.2.6}{\376\377\000T\000M\000C\000L\000\137\000A\000P\000\137\000M\000A\000X\000\137\000C\000U\000R\000R\000\137\000H\000I\000G\000H\000\137\000A\000C\000C\000E\000L}{subsection.6.9.2}
\BOOKMARK [3][-]{subsubsection.6.9.2.7}{\376\377\000T\000M\000C\000L\000\137\000A\000P\000\137\000M\000A\000X\000\137\000C\000U\000R\000R\000\137\000L\000O\000W\000\137\000A\000C\000C\000E\000L}{subsection.6.9.2}
\BOOKMARK [3][-]{subsubsection.6.9.2.8}{\376\377\000T\000M\000C\000L\000\137\000A\000P\000\137\000M\000A\000X\000\137\000C\000U\000R\000R\000\137\000R\000E\000S\000T}{subsection.6.9.2}
\BOOKMARK [3][-]{subsubsection.6.9.2.9}{\376\377\000T\000M\000C\000L\000\137\000A\000P\000\137\000M\000A\000X\000\137\000P\000O\000S\000\137\000S\000P\000E\000E\000D}{subsection.6.9.2}
\BOOKMARK [3][-]{subsubsection.6.9.2.10}{\376\377\000T\000M\000C\000L\000\137\000A\000P\000\137\000M\000I\000C\000R\000O\000S\000T\000E\000P\000S}{subsection.6.9.2}
\BOOKMARK [3][-]{subsubsection.6.9.2.11}{\376\377\000T\000M\000C\000L\000\137\000A\000P\000\137\000R\000F\000S\000\137\000M\000O\000D\000E}{subsection.6.9.2}
\BOOKMARK [3][-]{subsubsection.6.9.2.12}{\376\377\000T\000M\000C\000L\000\137\000A\000P\000\137\000R\000F\000S\000\137\000S\000P\000E\000E\000D}{subsection.6.9.2}
\BOOKMARK [3][-]{subsubsection.6.9.2.13}{\376\377\000T\000M\000C\000L\000\137\000A\000P\000\137\000R\000F\000S\000\137\000S\000W\000\137\000S\000P\000E\000E\000D}{subsection.6.9.2}
\BOOKMARK [3][-]{subsubsection.6.9.2.14}{\376\377\000T\000M\000C\000L\000\137\000A\000P\000\137\000S\000R\000\137\000P\000R\000E\000S\000C}{subsection.6.9.2}
\BOOKMARK [3][-]{subsubsection.6.9.2.15}{\376\377\000T\000M\000C\000L\000\137\000A\000P\000\137\000S\000T\000B\000Y\000\137\000C\000U\000R\000R\000E\000N\000T}{subsection.6.9.2}
\BOOKMARK [3][-]{subsubsection.6.9.2.16}{\376\377\000T\000M\000C\000L\000\137\000A\000P\000\137\000T\000A\000R\000G\000E\000T\000\137\000P\000O\000S}{subsection.6.9.2}
\BOOKMARK [3][-]{subsubsection.6.9.2.17}{\376\377\000T\000M\000C\000L\000\137\000A\000P\000\137\000T\000A\000R\000G\000E\000T\000\137\000S\000P\000E\000E\000D}{subsection.6.9.2}
\BOOKMARK [1][-]{section.6.10}{\376\377\000R\000e\000a\000d\000-\000O\000n\000l\000y\000\040\000P\000a\000r\000a\000m\000e\000t\000e\000r\000s}{chapter.6}
\BOOKMARK [2][-]{subsection.6.10.1}{\376\377\000D\000e\000t\000a\000i\000l\000e\000d\000\040\000D\000e\000s\000c\000r\000i\000p\000t\000i\000o\000n}{section.6.10}
\BOOKMARK [2][-]{subsection.6.10.2}{\376\377\000D\000e\000f\000i\000n\000e\000\040\000D\000o\000c\000u\000m\000e\000n\000t\000a\000t\000i\000o\000n}{section.6.10}
\BOOKMARK [3][-]{subsubsection.6.10.2.1}{\376\377\000T\000M\000C\000L\000\137\000A\000P\000\137\000C\000U\000R\000R\000\137\000S\000P\000E\000E\000D}{subsection.6.10.2}
\BOOKMARK [3][-]{subsubsection.6.10.2.2}{\376\377\000T\000M\000C\000L\000\137\000A\000P\000\137\000L\000I\000M\000I\000T\000\137\000L}{subsection.6.10.2}
\BOOKMARK [3][-]{subsubsection.6.10.2.3}{\376\377\000T\000M\000C\000L\000\137\000A\000P\000\137\000L\000I\000M\000I\000T\000\137\000R}{subsection.6.10.2}
\BOOKMARK [3][-]{subsubsection.6.10.2.4}{\376\377\000T\000M\000C\000L\000\137\000A\000P\000\137\000P\000O\000S\000\137\000R\000E\000A\000C\000H\000E\000D}{subsection.6.10.2}
\BOOKMARK [0][-]{chapter.7}{\376\377\000D\000a\000t\000a\000\040\000S\000t\000r\000u\000c\000t\000u\000r\000e\000\040\000D\000o\000c\000u\000m\000e\000n\000t\000a\000t\000i\000o\000n}{}
\BOOKMARK [1][-]{section.7.1}{\376\377\000T\000M\000C\000L\000C\000o\000m\000m\000a\000n\000d\000S\000t\000r\000u\000c\000t\000\040\000S\000t\000r\000u\000c\000t\000\040\000R\000e\000f\000e\000r\000e\000n\000c\000e}{chapter.7}
\BOOKMARK [2][-]{subsection.7.1.1}{\376\377\000D\000e\000t\000a\000i\000l\000e\000d\000\040\000D\000e\000s\000c\000r\000i\000p\000t\000i\000o\000n}{section.7.1}
\BOOKMARK [2][-]{subsection.7.1.2}{\376\377\000F\000i\000e\000l\000d\000\040\000D\000o\000c\000u\000m\000e\000n\000t\000a\000t\000i\000o\000n}{section.7.1}
\BOOKMARK [3][-]{subsubsection.7.1.2.1}{\376\377\000c\000o\000m\000m\000a\000n\000d}{subsection.7.1.2}
\BOOKMARK [3][-]{subsubsection.7.1.2.2}{\376\377\000t\000y\000p\000e}{subsection.7.1.2}
\BOOKMARK [3][-]{subsubsection.7.1.2.3}{\376\377\000v\000a\000l\000u\000e}{subsection.7.1.2}
\BOOKMARK [1][-]{section.7.2}{\376\377\000T\000M\000C\000L\000D\000e\000v\000i\000c\000e\000S\000t\000r\000u\000c\000t\000\040\000S\000t\000r\000u\000c\000t\000\040\000R\000e\000f\000e\000r\000e\000n\000c\000e}{chapter.7}
\BOOKMARK [2][-]{subsection.7.2.1}{\376\377\000D\000e\000t\000a\000i\000l\000e\000d\000\040\000D\000e\000s\000c\000r\000i\000p\000t\000i\000o\000n}{section.7.2}
\BOOKMARK [2][-]{subsection.7.2.2}{\376\377\000F\000i\000e\000l\000d\000\040\000D\000o\000c\000u\000m\000e\000n\000t\000a\000t\000i\000o\000n}{section.7.2}
\BOOKMARK [3][-]{subsubsection.7.2.2.1}{\376\377\000a\000d\000d\000r\000e\000s\000s}{subsection.7.2.2}
\BOOKMARK [3][-]{subsubsection.7.2.2.2}{\376\377\000b\000a\000n\000k}{subsection.7.2.2}
\BOOKMARK [3][-]{subsubsection.7.2.2.3}{\376\377\000b\000u\000s}{subsection.7.2.2}
\BOOKMARK [3][-]{subsubsection.7.2.2.4}{\376\377\000m\000o\000d\000e\000l}{subsection.7.2.2}
\BOOKMARK [3][-]{subsubsection.7.2.2.5}{\376\377\000n\000u\000m\000\137\000r\000e\000f\000s\000w\000i\000t\000c\000h\000e\000s}{subsection.7.2.2}
\BOOKMARK [3][-]{subsubsection.7.2.2.6}{\376\377\000p\000a\000r\000a\000m\000e\000t\000e\000r}{subsection.7.2.2}
\BOOKMARK [1][-]{section.7.3}{\376\377\000T\000M\000C\000L\000I\000n\000t\000e\000r\000f\000a\000c\000e\000S\000t\000r\000u\000c\000t\000\040\000S\000t\000r\000u\000c\000t\000\040\000R\000e\000f\000e\000r\000e\000n\000c\000e}{chapter.7}
\BOOKMARK [2][-]{subsection.7.3.1}{\376\377\000D\000e\000t\000a\000i\000l\000e\000d\000\040\000D\000e\000s\000c\000r\000i\000p\000t\000i\000o\000n}{section.7.3}
\BOOKMARK [2][-]{subsection.7.3.2}{\376\377\000F\000i\000e\000l\000d\000\040\000D\000o\000c\000u\000m\000e\000n\000t\000a\000t\000i\000o\000n}{section.7.3}
\BOOKMARK [3][-]{subsubsection.7.3.2.1}{\376\377\000h\000a\000n\000d\000l\000e}{subsection.7.3.2}
\BOOKMARK [3][-]{subsubsection.7.3.2.2}{\376\377\000t\000i\000m\000e\000o\000u\000t\000\137\000m\000s\000e\000c}{subsection.7.3.2}
\BOOKMARK [3][-]{subsubsection.7.3.2.3}{\376\377\000t\000i\000m\000e\000o\000u\000t\000\137\000s\000e\000c}{subsection.7.3.2}
\BOOKMARK [3][-]{subsubsection.7.3.2.4}{\376\377\000t\000i\000m\000e\000w\000a\000i\000t\000\137\000m\000s\000e\000c}{subsection.7.3.2}
\BOOKMARK [3][-]{subsubsection.7.3.2.5}{\376\377\000t\000i\000m\000e\000w\000a\000i\000t\000\137\000s\000e\000c}{subsection.7.3.2}
\BOOKMARK [3][-]{subsubsection.7.3.2.6}{\376\377\000t\000m\000c\000l\000\137\000c\000l\000o\000s\000e\000\137\000v\000o\000i\000d}{subsection.7.3.2}
\BOOKMARK [3][-]{subsubsection.7.3.2.7}{\376\377\000t\000m\000c\000l\000\137\000o\000p\000e\000n\000\137\000v\000o\000i\000d}{subsection.7.3.2}
\BOOKMARK [3][-]{subsubsection.7.3.2.8}{\376\377\000t\000m\000c\000l\000\137\000r\000e\000a\000d\000\137\000v\000o\000i\000d}{subsection.7.3.2}
\BOOKMARK [3][-]{subsubsection.7.3.2.9}{\376\377\000t\000m\000c\000l\000\137\000w\000r\000i\000t\000e\000\137\000v\000o\000i\000d}{subsection.7.3.2}
\BOOKMARK [1][-]{section.7.4}{\376\377\000T\000M\000C\000L\000M\000o\000t\000o\000r\000S\000t\000r\000u\000c\000t\000\040\000S\000t\000r\000u\000c\000t\000\040\000R\000e\000f\000e\000r\000e\000n\000c\000e}{chapter.7}
\BOOKMARK [2][-]{subsection.7.4.1}{\376\377\000D\000e\000t\000a\000i\000l\000e\000d\000\040\000D\000e\000s\000c\000r\000i\000p\000t\000i\000o\000n}{section.7.4}
\BOOKMARK [1][-]{section.7.5}{\376\377\000T\000M\000C\000L\000R\000e\000p\000l\000y\000S\000t\000r\000u\000c\000t\000\040\000S\000t\000r\000u\000c\000t\000\040\000R\000e\000f\000e\000r\000e\000n\000c\000e}{chapter.7}
\BOOKMARK [2][-]{subsection.7.5.1}{\376\377\000D\000e\000t\000a\000i\000l\000e\000d\000\040\000D\000e\000s\000c\000r\000i\000p\000t\000i\000o\000n}{section.7.5}
\BOOKMARK [2][-]{subsection.7.5.2}{\376\377\000F\000i\000e\000l\000d\000\040\000D\000o\000c\000u\000m\000e\000n\000t\000a\000t\000i\000o\000n}{section.7.5}
\BOOKMARK [3][-]{subsubsection.7.5.2.1}{\376\377\000c\000h\000e\000c\000k\000s\000u\000m}{subsection.7.5.2}
\BOOKMARK [3][-]{subsubsection.7.5.2.2}{\376\377\000c\000o\000m\000m\000a\000n\000d}{subsection.7.5.2}
\BOOKMARK [3][-]{subsubsection.7.5.2.3}{\376\377\000m\000o\000d\000u\000l\000e\000\137\000a\000d\000d\000r\000e\000s\000s}{subsection.7.5.2}
\BOOKMARK [3][-]{subsubsection.7.5.2.4}{\376\377\000r\000e\000p\000l\000y\000\137\000a\000d\000d\000r\000e\000s\000s}{subsection.7.5.2}
\BOOKMARK [3][-]{subsubsection.7.5.2.5}{\376\377\000s\000t\000a\000t\000u\000s}{subsection.7.5.2}
\BOOKMARK [3][-]{subsubsection.7.5.2.6}{\376\377\000v\000a\000l\000u\000e}{subsection.7.5.2}
\BOOKMARK [0][-]{chapter.8}{\376\377\000F\000i\000l\000e\000\040\000D\000o\000c\000u\000m\000e\000n\000t\000a\000t\000i\000o\000n}{}
\BOOKMARK [1][-]{section.8.1}{\376\377\000s\000r\000c\000/\000t\000m\000c\000l\000/\000c\000o\000n\000v\000e\000n\000i\000e\000n\000c\000e\000.\000h\000\040\000F\000i\000l\000e\000\040\000R\000e\000f\000e\000r\000e\000n\000c\000e}{chapter.8}
\BOOKMARK [2][-]{subsection.8.1.1}{\376\377\000D\000e\000t\000a\000i\000l\000e\000d\000\040\000D\000e\000s\000c\000r\000i\000p\000t\000i\000o\000n}{section.8.1}
\BOOKMARK [2][-]{subsection.8.1.2}{\376\377\000F\000u\000n\000c\000t\000i\000o\000n\000\040\000D\000o\000c\000u\000m\000e\000n\000t\000a\000t\000i\000o\000n}{section.8.1}
\BOOKMARK [3][-]{subsubsection.8.1.2.1}{\376\377\000t\000m\000c\000l\000\137\000a\000c\000t\000i\000v\000a\000t\000e\000\137\000l\000i\000m\000i\000t\000\137\000s\000w\000i\000t\000c\000h}{subsection.8.1.2}
\BOOKMARK [3][-]{subsubsection.8.1.2.2}{\376\377\000t\000m\000c\000l\000\137\000d\000e\000a\000c\000t\000i\000v\000a\000t\000e\000\137\000l\000i\000m\000i\000t\000\137\000s\000w\000i\000t\000c\000h}{subsection.8.1.2}
\BOOKMARK [3][-]{subsubsection.8.1.2.3}{\376\377\000t\000m\000c\000l\000\137\000g\000e\000t\000\137\000c\000u\000r\000r\000e\000n\000t\000\137\000s\000p\000e\000e\000d}{subsection.8.1.2}
\BOOKMARK [3][-]{subsubsection.8.1.2.4}{\376\377\000t\000m\000c\000l\000\137\000g\000e\000t\000\137\000l\000i\000m\000i\000t\000\137\000s\000t\000a\000t\000u\000s}{subsection.8.1.2}
\BOOKMARK [3][-]{subsubsection.8.1.2.5}{\376\377\000t\000m\000c\000l\000\137\000g\000e\000t\000\137\000l\000i\000m\000i\000t\000\137\000s\000w\000i\000t\000c\000h}{subsection.8.1.2}
\BOOKMARK [3][-]{subsubsection.8.1.2.6}{\376\377\000t\000m\000c\000l\000\137\000g\000e\000t\000\137\000m\000a\000x\000\137\000c\000u\000r\000r\000e\000n\000t}{subsection.8.1.2}
\BOOKMARK [3][-]{subsubsection.8.1.2.7}{\376\377\000t\000m\000c\000l\000\137\000g\000e\000t\000\137\000m\000a\000x\000\137\000s\000t\000a\000n\000d\000b\000y\000\137\000c\000u\000r\000r\000e\000n\000t}{subsection.8.1.2}
\BOOKMARK [3][-]{subsubsection.8.1.2.8}{\376\377\000t\000m\000c\000l\000\137\000g\000e\000t\000\137\000m\000i\000c\000r\000o\000s\000t\000e\000p\000s}{subsection.8.1.2}
\BOOKMARK [3][-]{subsubsection.8.1.2.9}{\376\377\000t\000m\000c\000l\000\137\000g\000e\000t\000\137\000p\000o\000s\000\137\000s\000p\000e\000e\000d}{subsection.8.1.2}
\BOOKMARK [3][-]{subsubsection.8.1.2.10}{\376\377\000t\000m\000c\000l\000\137\000g\000e\000t\000\137\000p\000o\000s\000i\000t\000i\000o\000n}{subsection.8.1.2}
\BOOKMARK [3][-]{subsubsection.8.1.2.11}{\376\377\000t\000m\000c\000l\000\137\000g\000e\000t\000\137\000r\000e\000f\000s\000e\000a\000r\000c\000h\000\137\000s\000p\000e\000e\000d}{subsection.8.1.2}
\BOOKMARK [3][-]{subsubsection.8.1.2.12}{\376\377\000t\000m\000c\000l\000\137\000m\000o\000v\000e\000\137\000t\000o\000\137\000c\000o\000o\000r\000d}{subsection.8.1.2}
\BOOKMARK [3][-]{subsubsection.8.1.2.13}{\376\377\000t\000m\000c\000l\000\137\000m\000o\000v\000e\000\137\000t\000o\000\137\000p\000o\000s\000\137\000a\000b\000s}{subsection.8.1.2}
\BOOKMARK [3][-]{subsubsection.8.1.2.14}{\376\377\000t\000m\000c\000l\000\137\000m\000o\000v\000e\000\137\000t\000o\000\137\000p\000o\000s\000\137\000r\000e\000l}{subsection.8.1.2}
\BOOKMARK [3][-]{subsubsection.8.1.2.15}{\376\377\000t\000m\000c\000l\000\137\000r\000e\000f\000s\000e\000a\000r\000c\000h\000\137\000s\000t\000a\000r\000t}{subsection.8.1.2}
\BOOKMARK [3][-]{subsubsection.8.1.2.16}{\376\377\000t\000m\000c\000l\000\137\000r\000e\000f\000s\000e\000a\000r\000c\000h\000\137\000s\000t\000a\000t\000u\000s}{subsection.8.1.2}
\BOOKMARK [3][-]{subsubsection.8.1.2.17}{\376\377\000t\000m\000c\000l\000\137\000r\000e\000f\000s\000e\000a\000r\000c\000h\000\137\000s\000t\000o\000p}{subsection.8.1.2}
\BOOKMARK [3][-]{subsubsection.8.1.2.18}{\376\377\000t\000m\000c\000l\000\137\000r\000o\000l}{subsection.8.1.2}
\BOOKMARK [3][-]{subsubsection.8.1.2.19}{\376\377\000t\000m\000c\000l\000\137\000r\000o\000r}{subsection.8.1.2}
\BOOKMARK [3][-]{subsubsection.8.1.2.20}{\376\377\000t\000m\000c\000l\000\137\000s\000e\000t\000\137\000m\000a\000x\000\137\000c\000u\000r\000r\000e\000n\000t}{subsection.8.1.2}
\BOOKMARK [3][-]{subsubsection.8.1.2.21}{\376\377\000t\000m\000c\000l\000\137\000s\000e\000t\000\137\000m\000a\000x\000\137\000s\000t\000a\000n\000d\000b\000y\000\137\000c\000u\000r\000r\000e\000n\000t}{subsection.8.1.2}
\BOOKMARK [3][-]{subsubsection.8.1.2.22}{\376\377\000t\000m\000c\000l\000\137\000s\000e\000t\000\137\000m\000i\000c\000r\000o\000s\000t\000e\000p\000s}{subsection.8.1.2}
\BOOKMARK [3][-]{subsubsection.8.1.2.23}{\376\377\000t\000m\000c\000l\000\137\000s\000e\000t\000\137\000n\000o\000\137\000r\000e\000f\000\137\000s\000w\000i\000t\000c\000h}{subsection.8.1.2}
\BOOKMARK [3][-]{subsubsection.8.1.2.24}{\376\377\000t\000m\000c\000l\000\137\000s\000e\000t\000\137\000p\000o\000s\000\137\000s\000p\000e\000e\000d}{subsection.8.1.2}
\BOOKMARK [3][-]{subsubsection.8.1.2.25}{\376\377\000t\000m\000c\000l\000\137\000s\000e\000t\000\137\000r\000e\000f\000s\000e\000a\000r\000c\000h\000\137\000s\000p\000e\000e\000d}{subsection.8.1.2}
\BOOKMARK [3][-]{subsubsection.8.1.2.26}{\376\377\000t\000m\000c\000l\000\137\000s\000t\000o\000p}{subsection.8.1.2}
\BOOKMARK [1][-]{section.8.2}{\376\377\000s\000r\000c\000/\000t\000m\000c\000l\000/\000i\000n\000t\000e\000r\000f\000a\000c\000e\000.\000h\000\040\000F\000i\000l\000e\000\040\000R\000e\000f\000e\000r\000e\000n\000c\000e}{chapter.8}
\BOOKMARK [2][-]{subsection.8.2.1}{\376\377\000D\000e\000t\000a\000i\000l\000e\000d\000\040\000D\000e\000s\000c\000r\000i\000p\000t\000i\000o\000n}{section.8.2}
\BOOKMARK [2][-]{subsection.8.2.2}{\376\377\000T\000y\000p\000e\000d\000e\000f\000\040\000D\000o\000c\000u\000m\000e\000n\000t\000a\000t\000i\000o\000n}{section.8.2}
\BOOKMARK [3][-]{subsubsection.8.2.2.1}{\376\377\000t\000m\000c\000l\000\137\000o\000p\000e\000n\000\137\000f\000u\000n\000c\000P\000t\000r}{subsection.8.2.2}
\BOOKMARK [3][-]{subsubsection.8.2.2.2}{\376\377\000T\000M\000C\000L\000I\000n\000t\000e\000r\000f\000a\000c\000e}{subsection.8.2.2}
\BOOKMARK [2][-]{subsection.8.2.3}{\376\377\000F\000u\000n\000c\000t\000i\000o\000n\000\040\000D\000o\000c\000u\000m\000e\000n\000t\000a\000t\000i\000o\000n}{section.8.2}
\BOOKMARK [3][-]{subsubsection.8.2.3.1}{\376\377\000t\000m\000c\000l\000\137\000c\000l\000o\000s\000e\000\137\000i\000n\000t\000e\000r\000f\000a\000c\000e}{subsection.8.2.3}
\BOOKMARK [3][-]{subsubsection.8.2.3.2}{\376\377\000t\000m\000c\000l\000\137\000d\000e\000i\000n\000i\000t\000\137\000i\000n\000t\000e\000r\000f\000a\000c\000e}{subsection.8.2.3}
\BOOKMARK [3][-]{subsubsection.8.2.3.3}{\376\377\000t\000m\000c\000l\000\137\000i\000n\000i\000t\000\137\000i\000n\000t\000e\000r\000f\000a\000c\000e}{subsection.8.2.3}
\BOOKMARK [3][-]{subsubsection.8.2.3.4}{\376\377\000t\000m\000c\000l\000\137\000i\000n\000t\000e\000r\000f\000a\000c\000e\000\137\000s\000e\000t\000\137\000t\000i\000m\000e\000o\000u\000t}{subsection.8.2.3}
\BOOKMARK [3][-]{subsubsection.8.2.3.5}{\376\377\000t\000m\000c\000l\000\137\000i\000n\000t\000e\000r\000f\000a\000c\000e\000\137\000s\000e\000t\000\137\000t\000i\000m\000e\000w\000a\000i\000t}{subsection.8.2.3}
\BOOKMARK [3][-]{subsubsection.8.2.3.6}{\376\377\000t\000m\000c\000l\000\137\000o\000p\000e\000n\000\137\000i\000n\000t\000e\000r\000f\000a\000c\000e}{subsection.8.2.3}
\BOOKMARK [3][-]{subsubsection.8.2.3.7}{\376\377\000t\000m\000c\000l\000\137\000s\000e\000t\000\137\000c\000l\000o\000s\000e\000\137\000d\000a\000t\000a}{subsection.8.2.3}
\BOOKMARK [3][-]{subsubsection.8.2.3.8}{\376\377\000t\000m\000c\000l\000\137\000s\000e\000t\000\137\000o\000p\000e\000n\000\137\000d\000a\000t\000a}{subsection.8.2.3}
\BOOKMARK [3][-]{subsubsection.8.2.3.9}{\376\377\000t\000m\000c\000l\000\137\000s\000e\000t\000\137\000r\000e\000a\000d\000\137\000d\000a\000t\000a}{subsection.8.2.3}
\BOOKMARK [3][-]{subsubsection.8.2.3.10}{\376\377\000t\000m\000c\000l\000\137\000s\000e\000t\000\137\000w\000r\000i\000t\000e\000\137\000d\000a\000t\000a}{subsection.8.2.3}
\BOOKMARK [1][-]{section.8.3}{\376\377\000s\000r\000c\000/\000t\000m\000c\000l\000/\000m\000o\000t\000o\000r\000.\000h\000\040\000F\000i\000l\000e\000\040\000R\000e\000f\000e\000r\000e\000n\000c\000e}{chapter.8}
\BOOKMARK [2][-]{subsection.8.3.1}{\376\377\000D\000e\000t\000a\000i\000l\000e\000d\000\040\000D\000e\000s\000c\000r\000i\000p\000t\000i\000o\000n}{section.8.3}
\BOOKMARK [2][-]{subsection.8.3.2}{\376\377\000T\000y\000p\000e\000d\000e\000f\000\040\000D\000o\000c\000u\000m\000e\000n\000t\000a\000t\000i\000o\000n}{section.8.3}
\BOOKMARK [3][-]{subsubsection.8.3.2.1}{\376\377\000T\000M\000C\000L\000M\000o\000t\000o\000r}{subsection.8.3.2}
\BOOKMARK [2][-]{subsection.8.3.3}{\376\377\000F\000u\000n\000c\000t\000i\000o\000n\000\040\000D\000o\000c\000u\000m\000e\000n\000t\000a\000t\000i\000o\000n}{section.8.3}
\BOOKMARK [3][-]{subsubsection.8.3.3.1}{\376\377\000t\000m\000c\000l\000\137\000d\000e\000i\000n\000i\000t\000\137\000m\000o\000t\000o\000r}{subsection.8.3.3}
\BOOKMARK [3][-]{subsubsection.8.3.3.2}{\376\377\000t\000m\000c\000l\000\137\000g\000e\000t\000\137\000a\000x\000i\000s\000\137\000p\000a\000r\000a\000m\000e\000t\000e\000r}{subsection.8.3.3}
\BOOKMARK [3][-]{subsubsection.8.3.3.3}{\376\377\000t\000m\000c\000l\000\137\000i\000n\000i\000t\000\137\000m\000o\000t\000o\000r}{subsection.8.3.3}
\BOOKMARK [3][-]{subsubsection.8.3.3.4}{\376\377\000t\000m\000c\000l\000\137\000s\000e\000n\000d\000\137\000c\000o\000m\000m\000a\000n\000d}{subsection.8.3.3}
\BOOKMARK [3][-]{subsubsection.8.3.3.5}{\376\377\000t\000m\000c\000l\000\137\000s\000e\000t\000\137\000a\000x\000i\000s\000\137\000p\000a\000r\000a\000m\000e\000t\000e\000r}{subsection.8.3.3}
\BOOKMARK [3][-]{subsubsection.8.3.3.6}{\376\377\000t\000m\000c\000l\000\137\000s\000t\000o\000r\000e\000\137\000a\000x\000i\000s\000\137\000p\000a\000r\000a\000m\000e\000t\000e\000r}{subsection.8.3.3}
\BOOKMARK [3][-]{subsubsection.8.3.3.7}{\376\377\000t\000m\000c\000l\000\137\000u\000p\000d\000a\000t\000e\000\137\000a\000x\000i\000s\000\137\000p\000a\000r\000a\000m\000e\000t\000e\000r}{subsection.8.3.3}
\BOOKMARK [1][-]{section.8.4}{\376\377\000s\000r\000c\000/\000t\000m\000c\000l\000/\000r\000s\000X\000X\000X\000.\000h\000\040\000F\000i\000l\000e\000\040\000R\000e\000f\000e\000r\000e\000n\000c\000e}{chapter.8}
\BOOKMARK [2][-]{subsection.8.4.1}{\376\377\000D\000e\000t\000a\000i\000l\000e\000d\000\040\000D\000e\000s\000c\000r\000i\000p\000t\000i\000o\000n}{section.8.4}
\BOOKMARK [2][-]{subsection.8.4.2}{\376\377\000F\000u\000n\000c\000t\000i\000o\000n\000\040\000D\000o\000c\000u\000m\000e\000n\000t\000a\000t\000i\000o\000n}{section.8.4}
\BOOKMARK [3][-]{subsubsection.8.4.2.1}{\376\377\000t\000m\000c\000l\000\137\000c\000l\000o\000s\000e\000\137\000r\000s\000X\000X\000X}{subsection.8.4.2}
\BOOKMARK [3][-]{subsubsection.8.4.2.2}{\376\377\000t\000m\000c\000l\000\137\000o\000p\000e\000n\000\137\000r\000s\000X\000X\000X}{subsection.8.4.2}
\BOOKMARK [3][-]{subsubsection.8.4.2.3}{\376\377\000t\000m\000c\000l\000\137\000p\000o\000l\000l\000\137\000r\000s\000X\000X\000X}{subsection.8.4.2}
\BOOKMARK [3][-]{subsubsection.8.4.2.4}{\376\377\000t\000m\000c\000l\000\137\000w\000r\000i\000t\000e\000\137\000r\000s\000X\000X\000X}{subsection.8.4.2}
\BOOKMARK [1][-]{section.8.5}{\376\377\000s\000r\000c\000/\000t\000m\000c\000l\000/\000t\000m\000c\000l\000.\000h\000\040\000F\000i\000l\000e\000\040\000R\000e\000f\000e\000r\000e\000n\000c\000e}{chapter.8}
\BOOKMARK [2][-]{subsection.8.5.1}{\376\377\000D\000e\000t\000a\000i\000l\000e\000d\000\040\000D\000e\000s\000c\000r\000i\000p\000t\000i\000o\000n}{section.8.5}
\BOOKMARK [1][-]{section.8.6}{\376\377\000s\000r\000c\000/\000t\000m\000c\000l\000/\000t\000m\000c\000l\000d\000e\000f\000s\000.\000c\000\040\000F\000i\000l\000e\000\040\000R\000e\000f\000e\000r\000e\000n\000c\000e}{chapter.8}
\BOOKMARK [2][-]{subsection.8.6.1}{\376\377\000D\000e\000t\000a\000i\000l\000e\000d\000\040\000D\000e\000s\000c\000r\000i\000p\000t\000i\000o\000n}{section.8.6}
\BOOKMARK [2][-]{subsection.8.6.2}{\376\377\000F\000u\000n\000c\000t\000i\000o\000n\000\040\000D\000o\000c\000u\000m\000e\000n\000t\000a\000t\000i\000o\000n}{section.8.6}
\BOOKMARK [3][-]{subsubsection.8.6.2.1}{\376\377\000t\000m\000c\000l\000\137\000c\000h\000e\000c\000k\000s\000u\000m}{subsection.8.6.2}
\BOOKMARK [3][-]{subsubsection.8.6.2.2}{\376\377\000t\000m\000c\000l\000\137\000d\000a\000t\000a\000g\000r\000a\000m}{subsection.8.6.2}
\BOOKMARK [3][-]{subsubsection.8.6.2.3}{\376\377\000t\000m\000c\000l\000\137\000d\000e\000i\000n\000i\000t}{subsection.8.6.2}
\BOOKMARK [3][-]{subsubsection.8.6.2.4}{\376\377\000t\000m\000c\000l\000\137\000d\000g\000r\000a\000m\0002\000r\000e\000p\000l\000y}{subsection.8.6.2}
\BOOKMARK [3][-]{subsubsection.8.6.2.5}{\376\377\000t\000m\000c\000l\000\137\000i\000n\000i\000t}{subsection.8.6.2}
\BOOKMARK [3][-]{subsubsection.8.6.2.6}{\376\377\000t\000m\000c\000l\000\137\000v\000a\000l\000i\000d\000\137\000c\000h\000e\000c\000k\000s\000u\000m}{subsection.8.6.2}
\BOOKMARK [1][-]{section.8.7}{\376\377\000s\000r\000c\000/\000t\000m\000c\000l\000/\000t\000m\000c\000l\000d\000e\000f\000s\000.\000h\000\040\000F\000i\000l\000e\000\040\000R\000e\000f\000e\000r\000e\000n\000c\000e}{chapter.8}
\BOOKMARK [2][-]{subsection.8.7.1}{\376\377\000D\000e\000t\000a\000i\000l\000e\000d\000\040\000D\000e\000s\000c\000r\000i\000p\000t\000i\000o\000n}{section.8.7}
\BOOKMARK [2][-]{subsection.8.7.2}{\376\377\000T\000y\000p\000e\000d\000e\000f\000\040\000D\000o\000c\000u\000m\000e\000n\000t\000a\000t\000i\000o\000n}{section.8.7}
\BOOKMARK [3][-]{subsubsection.8.7.2.1}{\376\377\000T\000M\000C\000L\000B\000u\000s\000T\000y\000p\000e}{subsection.8.7.2}
\BOOKMARK [3][-]{subsubsection.8.7.2.2}{\376\377\000T\000M\000C\000L\000C\000o\000m\000m\000a\000n\000d}{subsection.8.7.2}
\BOOKMARK [3][-]{subsubsection.8.7.2.3}{\376\377\000T\000M\000C\000L\000D\000e\000v\000i\000c\000e}{subsection.8.7.2}
\BOOKMARK [3][-]{subsubsection.8.7.2.4}{\376\377\000T\000M\000C\000L\000M\000o\000d\000e\000l}{subsection.8.7.2}
\BOOKMARK [3][-]{subsubsection.8.7.2.5}{\376\377\000T\000M\000C\000L\000P\000a\000r\000a\000m\000e\000t\000e\000r}{subsection.8.7.2}
\BOOKMARK [3][-]{subsubsection.8.7.2.6}{\376\377\000T\000M\000C\000L\000R\000e\000p\000l\000y}{subsection.8.7.2}
\BOOKMARK [2][-]{subsection.8.7.3}{\376\377\000E\000n\000u\000m\000e\000r\000a\000t\000i\000o\000n\000\040\000T\000y\000p\000e\000\040\000D\000o\000c\000u\000m\000e\000n\000t\000a\000t\000i\000o\000n}{section.8.7}
\BOOKMARK [3][-]{subsubsection.8.7.3.1}{\376\377\000t\000m\000c\000l\000\137\000b\000u\000s\000s\000e\000s}{subsection.8.7.3}
\BOOKMARK [3][-]{subsubsection.8.7.3.2}{\376\377\000T\000M\000C\000L\000M\000o\000d\000e\000l\000E\000n\000u\000m}{subsection.8.7.3}
\BOOKMARK [2][-]{subsection.8.7.4}{\376\377\000F\000u\000n\000c\000t\000i\000o\000n\000\040\000D\000o\000c\000u\000m\000e\000n\000t\000a\000t\000i\000o\000n}{section.8.7}
\BOOKMARK [3][-]{subsubsection.8.7.4.1}{\376\377\000t\000m\000c\000l\000\137\000c\000h\000e\000c\000k\000s\000u\000m}{subsection.8.7.4}
\BOOKMARK [3][-]{subsubsection.8.7.4.2}{\376\377\000t\000m\000c\000l\000\137\000d\000a\000t\000a\000g\000r\000a\000m}{subsection.8.7.4}
\BOOKMARK [3][-]{subsubsection.8.7.4.3}{\376\377\000t\000m\000c\000l\000\137\000d\000e\000i\000n\000i\000t}{subsection.8.7.4}
\BOOKMARK [3][-]{subsubsection.8.7.4.4}{\376\377\000t\000m\000c\000l\000\137\000d\000g\000r\000a\000m\0002\000r\000e\000p\000l\000y}{subsection.8.7.4}
\BOOKMARK [3][-]{subsubsection.8.7.4.5}{\376\377\000t\000m\000c\000l\000\137\000i\000n\000i\000t}{subsection.8.7.4}
\BOOKMARK [3][-]{subsubsection.8.7.4.6}{\376\377\000t\000m\000c\000l\000\137\000v\000a\000l\000i\000d\000\137\000c\000h\000e\000c\000k\000s\000u\000m}{subsection.8.7.4}
